<?xml version="1.0" encoding="UTF-8"?>
<testng-results skipped="0" failed="0" ignored="0" total="4" passed="4">
  <reporter-output>
  </reporter-output>
  <suite name="Default suite" duration-ms="17876" started-at="2022-08-30T15:41:46 IST" finished-at="2022-08-30T15:42:04 IST">
    <groups>
      <group name="cucumber">
        <method signature="AbstractTestNGCucumberTests.runScenario(io.cucumber.testng.PickleWrapper, io.cucumber.testng.FeatureWrapper)[pri:0, instance:runner.RunCucumberTest@1e3708]" name="runScenario" class="io.cucumber.testng.AbstractTestNGCucumberTests"/>
      </group> <!-- cucumber -->
    </groups>
    <test name="Default test" duration-ms="17876" started-at="2022-08-30T15:41:46 IST" finished-at="2022-08-30T15:42:04 IST">
      <class name="runner.RunCucumberTest">
        <test-method status="PASS" signature="setUpClass()[pri:0, instance:runner.RunCucumberTest@1e3708]" name="setUpClass" is-config="true" duration-ms="283" started-at="2022-08-30T15:41:46 IST" finished-at="2022-08-30T15:41:46 IST">
          <reporter-output>
          </reporter-output>
        </test-method> <!-- setUpClass -->
        <test-method status="PASS" signature="runScenario(io.cucumber.testng.PickleWrapper, io.cucumber.testng.FeatureWrapper)[pri:0, instance:runner.RunCucumberTest@1e3708]" name="runScenario" duration-ms="6023" started-at="2022-08-30T15:41:46 IST" description="Runs Cucumber Scenarios" data-provider="scenarios" finished-at="2022-08-30T15:41:52 IST">
          <params>
            <param index="0">
              <value>
                <![CDATA["TC002 Create incident with body as file"]]>
              </value>
            </param>
            <param index="1">
              <value>
                <![CDATA["Optional[Create incident in servide now]"]]>
              </value>
            </param>
          </params>
          <reporter-output>
          </reporter-output>
        </test-method> <!-- runScenario -->
        <test-method status="PASS" signature="runScenario(io.cucumber.testng.PickleWrapper, io.cucumber.testng.FeatureWrapper)[pri:0, instance:runner.RunCucumberTest@1e3708]" name="runScenario" duration-ms="3920" started-at="2022-08-30T15:41:52 IST" description="Runs Cucumber Scenarios" data-provider="scenarios" finished-at="2022-08-30T15:41:56 IST">
          <params>
            <param index="0">
              <value>
                <![CDATA["TC003 Create incident with body as file"]]>
              </value>
            </param>
            <param index="1">
              <value>
                <![CDATA["Optional[Create incident in servide now]"]]>
              </value>
            </param>
          </params>
          <reporter-output>
          </reporter-output>
        </test-method> <!-- runScenario -->
        <test-method status="PASS" signature="runScenario(io.cucumber.testng.PickleWrapper, io.cucumber.testng.FeatureWrapper)[pri:0, instance:runner.RunCucumberTest@1e3708]" name="runScenario" duration-ms="3772" started-at="2022-08-30T15:41:56 IST" description="Runs Cucumber Scenarios" data-provider="scenarios" finished-at="2022-08-30T15:42:00 IST">
          <params>
            <param index="0">
              <value>
                <![CDATA["TC004 Create incident with scenario outline and examples"]]>
              </value>
            </param>
            <param index="1">
              <value>
                <![CDATA["Optional[Create incident in servide now]"]]>
              </value>
            </param>
          </params>
          <reporter-output>
          </reporter-output>
        </test-method> <!-- runScenario -->
        <test-method status="PASS" signature="runScenario(io.cucumber.testng.PickleWrapper, io.cucumber.testng.FeatureWrapper)[pri:0, instance:runner.RunCucumberTest@1e3708]" name="runScenario" duration-ms="3814" started-at="2022-08-30T15:42:00 IST" description="Runs Cucumber Scenarios" data-provider="scenarios" finished-at="2022-08-30T15:42:04 IST">
          <params>
            <param index="0">
              <value>
                <![CDATA["TC004 Create incident with scenario outline and examples"]]>
              </value>
            </param>
            <param index="1">
              <value>
                <![CDATA["Optional[Create incident in servide now]"]]>
              </value>
            </param>
          </params>
          <reporter-output>
          </reporter-output>
        </test-method> <!-- runScenario -->
        <test-method status="PASS" signature="tearDownClass()[pri:0, instance:runner.RunCucumberTest@1e3708]" name="tearDownClass" is-config="true" duration-ms="21" started-at="2022-08-30T15:42:04 IST" finished-at="2022-08-30T15:42:04 IST">
          <reporter-output>
          </reporter-output>
        </test-method> <!-- tearDownClass -->
      </class> <!-- runner.RunCucumberTest -->
    </test> <!-- Default test -->
  </suite> <!-- Default suite -->
</testng-results>
